<?xml version="1.0" encoding="UTF-8"?>
<!-- Generated by org.testng.reporters.JUnitXMLReporter -->
<testsuite ignored="0" hostname="LENOVO" failures="0" tests="12" name="Default test" time="23.029" errors="0" timestamp="2023-08-03T16:15:00 IST">
  <testcase classname="api.Testcases.TestusersDD2" name="postusers" time="3.839"/>
  <testcase classname="api.Testcases.TestusersDD2" name="postusers" time="1.244"/>
  <testcase classname="api.Testcases.TestusersDD2" name="postusers" time="1.171"/>
  <testcase classname="api.Testcases.TestusersDD2" name="Getusers" time="1.21"/>
  <testcase classname="api.Testcases.TestusersDD2" name="Getusers" time="1.213"/>
  <testcase classname="api.Testcases.TestusersDD2" name="Getusers" time="1.194"/>
  <testcase classname="api.Testcases.TestusersDD2" name="putusers" time="2.36"/>
  <testcase classname="api.Testcases.TestusersDD2" name="putusers" time="2.487"/>
  <testcase classname="api.Testcases.TestusersDD2" name="putusers" time="2.551"/>
  <testcase classname="api.Testcases.TestusersDD2" name="Deleteusers" time="1.195"/>
  <testcase classname="api.Testcases.TestusersDD2" name="Deleteusers" time="1.24"/>
  <testcase classname="api.Testcases.TestusersDD2" name="Deleteusers" time="1.248"/>
</testsuite> <!-- Default test -->
