<?xml version="1.0" encoding="UTF-8"?>
<!-- Generated by org.testng.reporters.JUnitXMLReporter -->
<testsuite ignored="0" hostname="LENOVO" failures="0" tests="12" name="Test" time="27.597" errors="0" timestamp="2023-08-03T11:08:08 IST">
  <testcase classname="api.Testcases.TestusersDD" name="postusers" time="3.848"/>
  <testcase classname="api.Testcases.TestusersDD" name="postusers" time="1.535"/>
  <testcase classname="api.Testcases.TestusersDD" name="postusers" time="1.426"/>
  <testcase classname="api.Testcases.TestusersDD" name="Getusers" time="1.454"/>
  <testcase classname="api.Testcases.TestusersDD" name="Getusers" time="1.417"/>
  <testcase classname="api.Testcases.TestusersDD" name="Getusers" time="1.533"/>
  <testcase classname="api.Testcases.TestusersDD" name="putusers" time="3.109"/>
  <testcase classname="api.Testcases.TestusersDD" name="putusers" time="2.853"/>
  <testcase classname="api.Testcases.TestusersDD" name="putusers" time="3.169"/>
  <testcase classname="api.Testcases.TestusersDD" name="Deleteusers" time="1.976"/>
  <testcase classname="api.Testcases.TestusersDD" name="Deleteusers" time="1.677"/>
  <testcase classname="api.Testcases.TestusersDD" name="Deleteusers" time="1.484"/>
</testsuite> <!-- Test -->
