<?xml version="1.0" encoding="UTF-8"?>
<!-- Generated by org.testng.reporters.JUnitXMLReporter -->
<testsuite ignored="0" hostname="LENOVO" failures="0" tests="12" name="Test" time="25.853" errors="0" timestamp="2023-08-04T00:19:38 IST">
  <testcase classname="api.Testcases.TestusersDD" name="postusers" time="4.104"/>
  <testcase classname="api.Testcases.TestusersDD" name="postusers" time="1.443"/>
  <testcase classname="api.Testcases.TestusersDD" name="postusers" time="1.602"/>
  <testcase classname="api.Testcases.TestusersDD" name="Getusers" time="1.35"/>
  <testcase classname="api.Testcases.TestusersDD" name="Getusers" time="1.438"/>
  <testcase classname="api.Testcases.TestusersDD" name="Getusers" time="1.21"/>
  <testcase classname="api.Testcases.TestusersDD" name="putusers" time="2.465"/>
  <testcase classname="api.Testcases.TestusersDD" name="putusers" time="3.218"/>
  <testcase classname="api.Testcases.TestusersDD" name="putusers" time="2.938"/>
  <testcase classname="api.Testcases.TestusersDD" name="Deleteusers" time="1.318"/>
  <testcase classname="api.Testcases.TestusersDD" name="Deleteusers" time="1.288"/>
  <testcase classname="api.Testcases.TestusersDD" name="Deleteusers" time="1.446"/>
</testsuite> <!-- Test -->
