<?xml version="1.0" encoding="UTF-8"?>
<testng-results ignored="0" total="12" passed="12" failed="0" skipped="0">
  <reporter-output>
  </reporter-output>
  <suite started-at="2023-08-04T00:19:12 IST" name="Suite" finished-at="2023-08-04T00:19:37 IST" duration-ms="25853">
    <groups>
    </groups>
    <test started-at="2023-08-04T00:19:12 IST" name="Test" finished-at="2023-08-04T00:19:37 IST" duration-ms="25853">
      <class name="api.Testcases.TestusersDD">
        <test-method signature="postusers([Ljava.lang.String;)[pri:1, instance:api.Testcases.TestusersDD@47d90b9e]" started-at="2023-08-04T00:19:13 IST" name="postusers" data-provider="data" finished-at="2023-08-04T00:19:17 IST" duration-ms="4104" status="PASS">
          <params>
            <param index="0">
              <value>
                <![CDATA[[Ljava.lang.String;@1b3bec6c]]>
              </value>
            </param>
          </params>
          <reporter-output>
          </reporter-output>
        </test-method> <!-- postusers -->
        <test-method signature="postusers([Ljava.lang.String;)[pri:1, instance:api.Testcases.TestusersDD@47d90b9e]" started-at="2023-08-04T00:19:17 IST" name="postusers" data-provider="data" finished-at="2023-08-04T00:19:19 IST" duration-ms="1443" status="PASS">
          <params>
            <param index="0">
              <value>
                <![CDATA[[Ljava.lang.String;@53f7a906]]>
              </value>
            </param>
          </params>
          <reporter-output>
          </reporter-output>
        </test-method> <!-- postusers -->
        <test-method signature="postusers([Ljava.lang.String;)[pri:1, instance:api.Testcases.TestusersDD@47d90b9e]" started-at="2023-08-04T00:19:19 IST" name="postusers" data-provider="data" finished-at="2023-08-04T00:19:20 IST" duration-ms="1602" status="PASS">
          <params>
            <param index="0">
              <value>
                <![CDATA[[Ljava.lang.String;@749baa0c]]>
              </value>
            </param>
          </params>
          <reporter-output>
          </reporter-output>
        </test-method> <!-- postusers -->
        <test-method signature="Getusers(java.lang.String)[pri:2, instance:api.Testcases.TestusersDD@47d90b9e]" started-at="2023-08-04T00:19:21 IST" name="Getusers" data-provider="username" finished-at="2023-08-04T00:19:22 IST" duration-ms="1350" status="PASS">
          <params>
            <param index="0">
              <value>
                <![CDATA[Wesner]]>
              </value>
            </param>
          </params>
          <reporter-output>
          </reporter-output>
        </test-method> <!-- Getusers -->
        <test-method signature="Getusers(java.lang.String)[pri:2, instance:api.Testcases.TestusersDD@47d90b9e]" started-at="2023-08-04T00:19:22 IST" name="Getusers" data-provider="username" finished-at="2023-08-04T00:19:23 IST" duration-ms="1438" status="PASS">
          <params>
            <param index="0">
              <value>
                <![CDATA[Treclen]]>
              </value>
            </param>
          </params>
          <reporter-output>
          </reporter-output>
        </test-method> <!-- Getusers -->
        <test-method signature="Getusers(java.lang.String)[pri:2, instance:api.Testcases.TestusersDD@47d90b9e]" started-at="2023-08-04T00:19:23 IST" name="Getusers" data-provider="username" finished-at="2023-08-04T00:19:25 IST" duration-ms="1210" status="PASS">
          <params>
            <param index="0">
              <value>
                <![CDATA[Emlos]]>
              </value>
            </param>
          </params>
          <reporter-output>
          </reporter-output>
        </test-method> <!-- Getusers -->
        <test-method signature="putusers(java.lang.String)[pri:3, instance:api.Testcases.TestusersDD@47d90b9e]" started-at="2023-08-04T00:19:25 IST" name="putusers" data-provider="username" finished-at="2023-08-04T00:19:27 IST" duration-ms="2465" status="PASS">
          <params>
            <param index="0">
              <value>
                <![CDATA[Wesner]]>
              </value>
            </param>
          </params>
          <reporter-output>
          </reporter-output>
        </test-method> <!-- putusers -->
        <test-method signature="putusers(java.lang.String)[pri:3, instance:api.Testcases.TestusersDD@47d90b9e]" started-at="2023-08-04T00:19:27 IST" name="putusers" data-provider="username" finished-at="2023-08-04T00:19:30 IST" duration-ms="3218" status="PASS">
          <params>
            <param index="0">
              <value>
                <![CDATA[Treclen]]>
              </value>
            </param>
          </params>
          <reporter-output>
          </reporter-output>
        </test-method> <!-- putusers -->
        <test-method signature="putusers(java.lang.String)[pri:3, instance:api.Testcases.TestusersDD@47d90b9e]" started-at="2023-08-04T00:19:30 IST" name="putusers" data-provider="username" finished-at="2023-08-04T00:19:33 IST" duration-ms="2938" status="PASS">
          <params>
            <param index="0">
              <value>
                <![CDATA[Emlos]]>
              </value>
            </param>
          </params>
          <reporter-output>
          </reporter-output>
        </test-method> <!-- putusers -->
        <test-method signature="Deleteusers(java.lang.String)[pri:4, instance:api.Testcases.TestusersDD@47d90b9e]" started-at="2023-08-04T00:19:33 IST" name="Deleteusers" data-provider="username" finished-at="2023-08-04T00:19:35 IST" duration-ms="1318" status="PASS">
          <params>
            <param index="0">
              <value>
                <![CDATA[Wesner]]>
              </value>
            </param>
          </params>
          <reporter-output>
          </reporter-output>
        </test-method> <!-- Deleteusers -->
        <test-method signature="Deleteusers(java.lang.String)[pri:4, instance:api.Testcases.TestusersDD@47d90b9e]" started-at="2023-08-04T00:19:35 IST" name="Deleteusers" data-provider="username" finished-at="2023-08-04T00:19:36 IST" duration-ms="1288" status="PASS">
          <params>
            <param index="0">
              <value>
                <![CDATA[Treclen]]>
              </value>
            </param>
          </params>
          <reporter-output>
          </reporter-output>
        </test-method> <!-- Deleteusers -->
        <test-method signature="Deleteusers(java.lang.String)[pri:4, instance:api.Testcases.TestusersDD@47d90b9e]" started-at="2023-08-04T00:19:36 IST" name="Deleteusers" data-provider="username" finished-at="2023-08-04T00:19:37 IST" duration-ms="1446" status="PASS">
          <params>
            <param index="0">
              <value>
                <![CDATA[Emlos]]>
              </value>
            </param>
          </params>
          <reporter-output>
          </reporter-output>
        </test-method> <!-- Deleteusers -->
      </class> <!-- api.Testcases.TestusersDD -->
    </test> <!-- Test -->
  </suite> <!-- Suite -->
</testng-results>
