<?xml version="1.0" encoding="UTF-8"?>
<testsuite xmlns:xsi="http://www.w3.org/2001/XMLSchema-instance" xsi:noNamespaceSchemaLocation="https://maven.apache.org/surefire/maven-surefire-plugin/xsd/surefire-test-report.xsd" name="TestSuite" time="26.712" tests="12" errors="0" skipped="0" failures="0">
  <properties>
[...]
</properties>
  <testcase name="postusers" classname="api.Testcases.TestusersDD" time="4.104"/>
  <testcase name="postusers" classname="api.Testcases.TestusersDD" time="1.443"/>
  <testcase name="postusers" classname="api.Testcases.TestusersDD" time="1.602"/>
  <testcase name="Getusers" classname="api.Testcases.TestusersDD" time="1.357"/>
  <testcase name="Getusers" classname="api.Testcases.TestusersDD" time="1.454"/>
  <testcase name="Getusers" classname="api.Testcases.TestusersDD" time="1.209"/>
  <testcase name="putusers" classname="api.Testcases.TestusersDD" time="2.465"/>
  <testcase name="putusers" classname="api.Testcases.TestusersDD" time="3.218"/>
  <testcase name="putusers" classname="api.Testcases.TestusersDD" time="2.954"/>
  <testcase name="Deleteusers" classname="api.Testcases.TestusersDD" time="1.318"/>
  <testcase name="Deleteusers" classname="api.Testcases.TestusersDD" time="1.288"/>
  <testcase name="Deleteusers" classname="api.Testcases.TestusersDD" time="1.446"/>
</testsuite>