<?xml version="1.0" encoding="UTF-8"?>
<testng-results ignored="0" total="12" passed="12" failed="0" skipped="0">
  <reporter-output>
  </reporter-output>
  <suite started-at="2023-08-03T16:14:37 IST" name="Default suite" finished-at="2023-08-03T16:15:00 IST" duration-ms="23029">
    <groups>
    </groups>
    <test started-at="2023-08-03T16:14:37 IST" name="Default test" finished-at="2023-08-03T16:15:00 IST" duration-ms="23029">
      <class name="api.Testcases.TestusersDD2">
        <test-method signature="postusers([Ljava.lang.String;)[pri:1, instance:api.Testcases.TestusersDD2@4310d43]" started-at="2023-08-03T16:14:39 IST" name="postusers" data-provider="data" finished-at="2023-08-03T16:14:43 IST" duration-ms="3839" status="PASS">
          <params>
            <param index="0">
              <value>
                <![CDATA[[Ljava.lang.String;@47f2c722]]>
              </value>
            </param>
          </params>
          <reporter-output>
          </reporter-output>
        </test-method> <!-- postusers -->
        <test-method signature="postusers([Ljava.lang.String;)[pri:1, instance:api.Testcases.TestusersDD2@4310d43]" started-at="2023-08-03T16:14:43 IST" name="postusers" data-provider="data" finished-at="2023-08-03T16:14:44 IST" duration-ms="1244" status="PASS">
          <params>
            <param index="0">
              <value>
                <![CDATA[[Ljava.lang.String;@52ca0ad4]]>
              </value>
            </param>
          </params>
          <reporter-output>
          </reporter-output>
        </test-method> <!-- postusers -->
        <test-method signature="postusers([Ljava.lang.String;)[pri:1, instance:api.Testcases.TestusersDD2@4310d43]" started-at="2023-08-03T16:14:44 IST" name="postusers" data-provider="data" finished-at="2023-08-03T16:14:45 IST" duration-ms="1171" status="PASS">
          <params>
            <param index="0">
              <value>
                <![CDATA[[Ljava.lang.String;@4536a715]]>
              </value>
            </param>
          </params>
          <reporter-output>
          </reporter-output>
        </test-method> <!-- postusers -->
        <test-method signature="Getusers(java.lang.String)[pri:2, instance:api.Testcases.TestusersDD2@4310d43]" started-at="2023-08-03T16:14:45 IST" name="Getusers" data-provider="username" finished-at="2023-08-03T16:14:46 IST" duration-ms="1210" status="PASS">
          <params>
            <param index="0">
              <value>
                <![CDATA[Wesner]]>
              </value>
            </param>
          </params>
          <reporter-output>
          </reporter-output>
        </test-method> <!-- Getusers -->
        <test-method signature="Getusers(java.lang.String)[pri:2, instance:api.Testcases.TestusersDD2@4310d43]" started-at="2023-08-03T16:14:46 IST" name="Getusers" data-provider="username" finished-at="2023-08-03T16:14:48 IST" duration-ms="1213" status="PASS">
          <params>
            <param index="0">
              <value>
                <![CDATA[Treclen]]>
              </value>
            </param>
          </params>
          <reporter-output>
          </reporter-output>
        </test-method> <!-- Getusers -->
        <test-method signature="Getusers(java.lang.String)[pri:2, instance:api.Testcases.TestusersDD2@4310d43]" started-at="2023-08-03T16:14:48 IST" name="Getusers" data-provider="username" finished-at="2023-08-03T16:14:49 IST" duration-ms="1194" status="PASS">
          <params>
            <param index="0">
              <value>
                <![CDATA[Emlos]]>
              </value>
            </param>
          </params>
          <reporter-output>
          </reporter-output>
        </test-method> <!-- Getusers -->
        <test-method signature="putusers(java.lang.String)[pri:3, instance:api.Testcases.TestusersDD2@4310d43]" started-at="2023-08-03T16:14:49 IST" name="putusers" data-provider="username" finished-at="2023-08-03T16:14:51 IST" duration-ms="2360" status="PASS">
          <params>
            <param index="0">
              <value>
                <![CDATA[Wesner]]>
              </value>
            </param>
          </params>
          <reporter-output>
          </reporter-output>
        </test-method> <!-- putusers -->
        <test-method signature="putusers(java.lang.String)[pri:3, instance:api.Testcases.TestusersDD2@4310d43]" started-at="2023-08-03T16:14:51 IST" name="putusers" data-provider="username" finished-at="2023-08-03T16:14:54 IST" duration-ms="2487" status="PASS">
          <params>
            <param index="0">
              <value>
                <![CDATA[Treclen]]>
              </value>
            </param>
          </params>
          <reporter-output>
          </reporter-output>
        </test-method> <!-- putusers -->
        <test-method signature="putusers(java.lang.String)[pri:3, instance:api.Testcases.TestusersDD2@4310d43]" started-at="2023-08-03T16:14:54 IST" name="putusers" data-provider="username" finished-at="2023-08-03T16:14:56 IST" duration-ms="2551" status="PASS">
          <params>
            <param index="0">
              <value>
                <![CDATA[Emlos]]>
              </value>
            </param>
          </params>
          <reporter-output>
          </reporter-output>
        </test-method> <!-- putusers -->
        <test-method signature="Deleteusers(java.lang.String)[pri:4, instance:api.Testcases.TestusersDD2@4310d43]" started-at="2023-08-03T16:14:57 IST" name="Deleteusers" data-provider="username" finished-at="2023-08-03T16:14:58 IST" duration-ms="1195" status="PASS">
          <params>
            <param index="0">
              <value>
                <![CDATA[Wesner]]>
              </value>
            </param>
          </params>
          <reporter-output>
          </reporter-output>
        </test-method> <!-- Deleteusers -->
        <test-method signature="Deleteusers(java.lang.String)[pri:4, instance:api.Testcases.TestusersDD2@4310d43]" started-at="2023-08-03T16:14:58 IST" name="Deleteusers" data-provider="username" finished-at="2023-08-03T16:14:59 IST" duration-ms="1240" status="PASS">
          <params>
            <param index="0">
              <value>
                <![CDATA[Treclen]]>
              </value>
            </param>
          </params>
          <reporter-output>
          </reporter-output>
        </test-method> <!-- Deleteusers -->
        <test-method signature="Deleteusers(java.lang.String)[pri:4, instance:api.Testcases.TestusersDD2@4310d43]" started-at="2023-08-03T16:14:59 IST" name="Deleteusers" data-provider="username" finished-at="2023-08-03T16:15:00 IST" duration-ms="1248" status="PASS">
          <params>
            <param index="0">
              <value>
                <![CDATA[Emlos]]>
              </value>
            </param>
          </params>
          <reporter-output>
          </reporter-output>
        </test-method> <!-- Deleteusers -->
      </class> <!-- api.Testcases.TestusersDD2 -->
    </test> <!-- Default test -->
  </suite> <!-- Default suite -->
</testng-results>
